##################################################################
#                                                                
#		HARDTEC - INFORMATICA                          
#		  SISTEMA DE BACKUP                      
#
#v 1.1 Desenvolvedor: Valdenir Luíz Mezadri Junior 
##################################################################
##################################################################
#                                                                
#         INICIADO bkp-dados                       
#                                                                
##################################################################
qui 08 mar 2018 18:04:06 -03
------------------------------------------------------------------

Backup efetuado com sucesso

Mais detalhes:
bkp-dados-FIREWALL_TESTE-quinta-08-março-2018.tgz Total: 4,7M

------------------------------------------------------------------
qui 08 mar 2018 18:04:07 -03
##################################################################
#                                                                
#         FINALIZADO bkp-dados                       
#                                                                
##################################################################
##################################################################
#                                                                
#         INICIADO bkp-mysql                       
#                                                                
##################################################################
qui 08 mar 2018 18:04:07 -03
------------------------------------------------------------------

Backup efetuado com sucesso

Mais detalhes:
bkp-mysql-FIREWALL_TESTE-quinta-08-março-2018.tgz Total: 230K

------------------------------------------------------------------
qui 08 mar 2018 18:04:07 -03
##################################################################
#                                                                
#         FINALIZADO bkp-mysql                       
#                                                                
##################################################################
##################################################################
#                                                                
#         INICIADO send-nuvem                       
#                                                                
##################################################################
qui 08 mar 2018 18:04:07 -03
------------------------------------------------------------------

dia qualquer
sending incremental file list
.dias_de_backup_em_nuvem
              2 100%    0.00kB/s    0:00:00                2 100%    0.00kB/s    0:00:00 (xfr#1, to-chk=2/3)
bkp-dados-FIREWALL_TESTE-quinta-08-março-2018.tgz
          4,432   0%  108.20kB/s    0:00:45        4,919,402 100%   49.91MB/s    0:00:00 (xfr#2, to-chk=1/3)
bkp-mysql-FIREWALL_TESTE-quinta-08-março-2018.tgz
          7,000   2%   71.96kB/s    0:00:03          235,115 100%    1.77MB/s    0:00:00 (xfr#3, to-chk=0/3)

sent 181,032 bytes  received 15,430 bytes  392,924.00 bytes/sec
total size is 5,154,519  speedup is 26.24
Backup efetuado com sucesso

Mais detalhes:

------------------------------------------------------------------
qui 08 mar 2018 18:04:07 -03
##################################################################
#                                                                
#         FINALIZADO send-nuvem                       
#                                                                
##################################################################
