####################################################################################
#                                                                
#		HARDTEC - INFORMATICA                          
#		  SISTEMA DE BACKUP                      
#
#v 1.1 Desenvolvedor: Valdenir Luíz Mezadri Junior  mail: junior@hardtec.srv.br
####################################################################################
####################################################################################
#                                                                
#         INICIADO bkp-dados                       
#                                                                
####################################################################################
seg 12 mar 2018 17:33:19 -03
------------------------------------------------------------------

Backup efetuado com sucesso

Mais detalhes:
bkp-dados-FIREWALL_CLIENTE-segunda-12-março-2018.tgz Total: 4,7M

------------------------------------------------------------------
seg 12 mar 2018 17:33:20 -03
####################################################################################
#                                                                
#         FINALIZADO bkp-dados                       
#                                                                
####################################################################################
####################################################################################
#                                                                
#         INICIADO bkp-mysql                       
#                                                                
####################################################################################
seg 12 mar 2018 17:33:20 -03
------------------------------------------------------------------

Backup efetuado com sucesso

Mais detalhes:
bkp-mysql-FIREWALL_CLIENTE-segunda-12-março-2018.tgz Total: 230K

------------------------------------------------------------------
seg 12 mar 2018 17:33:20 -03
####################################################################################
#                                                                
#         FINALIZADO bkp-mysql                       
#                                                                
####################################################################################
####################################################################################
#                                                                
#         INICIADO send-nuvem                       
#                                                                
####################################################################################
seg 12 mar 2018 17:33:20 -03
------------------------------------------------------------------

sending incremental file list
.dias_de_backup_em_nuvem
              2 100%    0.00kB/s    0:00:00                2 100%    0.00kB/s    0:00:00 (xfr#1, to-chk=4/5)
bkp-dados-FIREWALL_CLIENTE-segunda-12-março-2018.tgz
         32,768   0%   15.62MB/s    0:00:00        1,802,240  36%    1.66MB/s    0:00:01        2,850,816  57%    1.33MB/s    0:00:01        4,922,740 100%    1.55MB/s    0:00:03 (xfr#2, to-chk=3/5)
bkp-mysql-FIREWALL_CLIENTE-segunda-12-março-2018.tgz
         32,768  13%   32.72kB/s    0:00:06           65,536  27%   64.00kB/s    0:00:02          235,114 100%  213.58kB/s    0:00:01 (xfr#3, to-chk=1/5)

sent 5,104,813 bytes  received 82 bytes  1,134,421.11 bytes/sec
total size is 10,315,709  speedup is 2.02
Backup efetuado com sucesso

Mais detalhes:

------------------------------------------------------------------
seg 12 mar 2018 17:33:24 -03
####################################################################################
#                                                                
#         FINALIZADO send-nuvem                       
#                                                                
####################################################################################
